2025-06-05 19:20:15 - libs.auxiliary - INFO: create folder eye_hand_data/data20250605
2025-06-05 19:20:15 - __main__ - INFO: 初始化 ROS 节点成功
2025-06-05 19:20:16 - __main__ - INFO: 开始手眼标定程序，当前程序版号 V1.0.0
2025-06-05 19:24:09 - __main__ - INFO: 获取状态：成功，当前位姿为[0.43338599365393543, 0.10622079210437341, 0.31855821151093366, -0.012131089361747772, -0.05021683758669088, 0.18740094950665637]
2025-06-05 19:24:09 - __main__ - INFO: ===采集第1次数据！
2025-06-05 19:24:17 - __main__ - INFO: 获取状态：成功，当前位姿为[0.43852000021582255, 0.023060079522835092, 0.31059171902533245, -0.023148049553411397, -0.07016652805371716, 0.18316765620847023]
2025-06-05 19:24:17 - __main__ - INFO: ===采集第2次数据！
2025-06-05 19:24:44 - __main__ - INFO: 获取状态：成功，当前位姿为[0.43569338566652704, 0.017645954539485066, 0.30307210292591996, -0.011461698689663246, 0.8315690065549328, -0.022690783559263145]
2025-06-05 19:24:44 - __main__ - INFO: ===采集第3次数据！
2025-06-05 19:25:01 - __main__ - INFO: 获取状态：成功，当前位姿为[0.43569326356743465, 0.017663103225839288, 0.3030708330684095, -0.011445996103098773, 0.8315710850834004, -0.022675954489045684]
2025-06-05 19:25:01 - __main__ - INFO: ===采集第4次数据！
2025-06-05 19:25:23 - __main__ - INFO: 获取状态：成功，当前位姿为[0.4356002950120983, 0.017643731680799794, 0.30329152675288495, -0.6707246151710657, 0.8310207962852794, -0.02258831143974708]
2025-06-05 19:25:23 - __main__ - INFO: ===采集第5次数据！
2025-06-05 19:25:35 - __main__ - INFO: 获取状态：成功，当前位姿为[0.43198956141095346, 0.015043848815704268, 0.3097669154851943, -0.2454380548185616, 1.027881404943241, -1.1889021297099416]
2025-06-05 19:25:35 - __main__ - INFO: ===采集第6次数据！
2025-06-05 19:28:32 - __main__ - INFO: 获取状态：成功，当前位姿为[0.34607096061823445, -0.07359522530007018, 0.3551900612408, 1.2999533145256439, 0.21998474847733737, -0.5845937094995514]
2025-06-05 19:28:32 - __main__ - INFO: ===采集第7次数据！
2025-06-05 19:28:48 - __main__ - INFO: 获取状态：成功，当前位姿为[0.34607096061823445, -0.07359522530007018, 0.3551900612408, 1.2999533145256439, 0.21998474847733737, -0.5845937094995514]
2025-06-05 19:28:48 - __main__ - INFO: ===采集第8次数据！
2025-06-05 19:29:03 - __main__ - INFO: 获取状态：成功，当前位姿为[0.34607096061823445, -0.07359522530007018, 0.3551900612408, 1.2999533145256439, 0.21998474847733737, -0.5845937094995514]
2025-06-05 19:29:03 - __main__ - INFO: ===采集第9次数据！
2025-06-05 19:29:23 - __main__ - INFO: 获取状态：成功，当前位姿为[0.34607096061823445, -0.07359522530007018, 0.3551900612408, 1.2999533145256439, 0.21998474847733737, -0.5845937094995514]
2025-06-05 19:29:23 - __main__ - INFO: ===采集第10次数据！
2025-06-05 19:29:31 - __main__ - INFO: 获取状态：成功，当前位姿为[0.34607096061823445, -0.07359522530007018, 0.3551900612408, 1.2999533145256439, 0.21998474847733737, -0.5845937094995514]
2025-06-05 19:29:31 - __main__ - INFO: ===采集第11次数据！
2025-06-05 19:30:14 - __main__ - INFO: 获取状态：成功，当前位姿为[0.34607096061823445, -0.07359522530007018, 0.3551900612408, 1.2999533145256439, 0.21998474847733737, -0.5845937094995514]
2025-06-05 19:30:14 - __main__ - INFO: ===采集第12次数据！
2025-06-05 19:30:47 - __main__ - INFO: 获取状态：成功，当前位姿为[0.34607096061823445, -0.07359522530007018, 0.3551900612408, 1.2999533145256439, 0.21998474847733737, -0.5845937094995514]
2025-06-05 19:30:47 - __main__ - INFO: ===采集第13次数据！
2025-06-05 19:30:54 - __main__ - INFO: 获取状态：成功，当前位姿为[0.34607096061823445, -0.07359522530007018, 0.3551900612408, 1.2999533145256439, 0.21998474847733737, -0.5845937094995514]
2025-06-05 19:30:54 - __main__ - INFO: ===采集第14次数据！
2025-06-05 19:31:00 - __main__ - INFO: 获取状态：成功，当前位姿为[0.34607096061823445, -0.07359522530007018, 0.3551900612408, 1.2999533145256439, 0.21998474847733737, -0.5845937094995514]
2025-06-05 19:31:00 - __main__ - INFO: ===采集第15次数据！
2025-06-05 19:31:14 - __main__ - INFO: 获取状态：成功，当前位姿为[0.34607096061823445, -0.07359522530007018, 0.3551900612408, 1.2999533145256439, 0.21998474847733737, -0.5845937094995514]
2025-06-05 19:31:14 - __main__ - INFO: ===采集第16次数据！
2025-06-05 19:31:31 - __main__ - INFO: 获取状态：成功，当前位姿为[0.34607096061823445, -0.07359522530007018, 0.3551900612408, 1.2999533145256439, 0.21998474847733737, -0.5845937094995514]
2025-06-05 19:31:31 - __main__ - INFO: ===采集第17次数据！
2025-06-05 19:31:53 - __main__ - INFO: 获取状态：成功，当前位姿为[0.34607096061823445, -0.07359522530007018, 0.3551900612408, 1.2999533145256439, 0.21998474847733737, -0.5845937094995514]
2025-06-05 19:31:53 - __main__ - INFO: ===采集第18次数据！
2025-06-05 19:32:02 - __main__ - INFO: 获取状态：成功，当前位姿为[0.34607096061823445, -0.07359522530007018, 0.3551900612408, 1.2999533145256439, 0.21998474847733737, -0.5845937094995514]
2025-06-05 19:32:02 - __main__ - INFO: ===采集第19次数据！
2025-06-05 19:32:21 - __main__ - INFO: 获取状态：成功，当前位姿为[0.34607096061823445, -0.07359522530007018, 0.3551900612408, 1.2999533145256439, 0.21998474847733737, -0.5845937094995514]
2025-06-05 19:32:21 - __main__ - INFO: ===采集第20次数据！
2025-06-05 19:32:54 - __main__ - INFO: 读 eye_hand_data/data20250605/1.jpg
2025-06-05 19:32:54 - __main__ - INFO: 读 eye_hand_data/data20250605/2.jpg
2025-06-05 19:32:54 - __main__ - INFO: 读 eye_hand_data/data20250605/3.jpg
2025-06-05 19:32:54 - __main__ - INFO: 读 eye_hand_data/data20250605/4.jpg
2025-06-05 19:32:54 - __main__ - INFO: 读 eye_hand_data/data20250605/5.jpg
2025-06-05 19:32:54 - __main__ - INFO: 读 eye_hand_data/data20250605/6.jpg
2025-06-05 19:32:54 - __main__ - INFO: 读 eye_hand_data/data20250605/7.jpg
2025-06-05 19:32:54 - __main__ - INFO: 读 eye_hand_data/data20250605/8.jpg
2025-06-05 19:32:54 - __main__ - INFO: 读 eye_hand_data/data20250605/9.jpg
2025-06-05 19:32:54 - __main__ - INFO: 读 eye_hand_data/data20250605/10.jpg
2025-06-05 19:32:54 - __main__ - INFO: 读 eye_hand_data/data20250605/11.jpg
2025-06-05 19:32:54 - __main__ - INFO: 读 eye_hand_data/data20250605/12.jpg
2025-06-05 19:32:54 - __main__ - INFO: 读 eye_hand_data/data20250605/13.jpg
2025-06-05 19:32:54 - __main__ - INFO: 读 eye_hand_data/data20250605/14.jpg
2025-06-05 19:32:55 - __main__ - INFO: 读 eye_hand_data/data20250605/15.jpg
2025-06-05 19:32:55 - __main__ - INFO: 读 eye_hand_data/data20250605/16.jpg
2025-06-05 19:32:55 - __main__ - INFO: 读 eye_hand_data/data20250605/17.jpg
2025-06-05 19:32:55 - __main__ - INFO: 读 eye_hand_data/data20250605/18.jpg
2025-06-05 19:32:55 - __main__ - INFO: 读 eye_hand_data/data20250605/19.jpg
2025-06-05 19:32:55 - __main__ - INFO: 读 eye_hand_data/data20250605/20.jpg
2025-06-05 19:32:55 - __main__ - INFO: 旋转矩阵是:
 [[ 0.71019493 -0.02226755 -0.70365284]
 [ 0.15695671  0.97935068  0.12742381]
 [ 0.68628547 -0.20093878  0.69902493]]
2025-06-05 19:32:55 - __main__ - INFO: 平移向量是:
 [[0.37621825]
 [0.09743894]
 [0.24983783]]
2025-06-05 19:32:55 - __main__ - INFO: 四元数是：
 [-0.08918985 -0.37753504  0.04868089  0.92040352]
