2025-06-03 19:28:44 - libs.auxiliary - INFO: create folder eye_hand_data/data20250603
2025-06-03 19:29:34 - libs.auxiliary - INFO: create folder eye_hand_data/data2025060301
2025-06-03 19:30:25 - libs.auxiliary - INFO: create folder eye_hand_data/data2025060302
2025-06-03 19:53:27 - libs.auxiliary - INFO: create folder eye_hand_data/data2025060303
2025-06-03 19:57:44 - libs.auxiliary - INFO: create folder eye_hand_data/data2025060304
2025-06-03 19:58:04 - libs.auxiliary - INFO: create folder eye_hand_data/data2025060305
2025-06-03 19:58:05 - __main__ - INFO: 初始化 ROS 节点成功
2025-06-03 19:58:05 - __main__ - INFO: 开始手眼标定程序，当前程序版号 V1.0.0
2025-06-03 20:07:20 - __main__ - INFO: 获取状态：成功，当前位姿为[0.16762739294621895, 0.24847650410375993, 0.3697940520018869, 0.15745007230555264, -0.15136927982561293, -0.22932987895696968]
2025-06-03 20:07:20 - __main__ - INFO: ===采集第1次数据！
2025-06-03 20:08:15 - __main__ - INFO: 获取状态：成功，当前位姿为[0.1676327452267744, 0.24847057256576388, 0.369793862229667, -0.29391134333545027, -0.15134766197758107, -0.22937455945106439]
2025-06-03 20:08:15 - __main__ - INFO: ===采集第2次数据！
2025-06-03 20:08:31 - __main__ - INFO: 获取状态：成功，当前位姿为[0.16705562881099772, 0.25120035699631604, 0.3662996149159065, -0.33037335575644605, 0.1008436145003189, 0.5081357167919864]
2025-06-03 20:08:31 - __main__ - INFO: ===采集第3次数据！
2025-06-03 20:08:41 - __main__ - INFO: 获取状态：成功，当前位姿为[0.205951568896994, 0.1894180244291433, 0.39241283138167055, -0.3422245102145717, -0.39133625919604903, 0.674638132075404]
2025-06-03 20:08:41 - __main__ - INFO: ===采集第4次数据！
2025-06-03 20:09:03 - __main__ - INFO: 获取状态：成功，当前位姿为[0.205957568898433, 0.18942465166209094, 0.3925382387241908, 0.5188219548669251, -0.3917432767067559, 0.6745785847035678]
2025-06-03 20:09:03 - __main__ - INFO: ===采集第5次数据！
2025-06-03 20:09:29 - __main__ - INFO: 获取状态：成功，当前位姿为[0.1184629982966352, 0.11939994986996309, 0.34582653217125947, 0.5231063722221648, -0.39005410941807395, 0.6788915156100868]
2025-06-03 20:09:29 - __main__ - INFO: ===采集第6次数据！
2025-06-03 20:10:07 - __main__ - INFO: 获取状态：成功，当前位姿为[0.19746422790862764, 0.18289376410446875, 0.3904951603192971, 0.6160682514458022, -0.15074751527300537, 0.2755874048319802]
2025-06-03 20:10:07 - __main__ - INFO: ===采集第7次数据！
2025-06-03 20:10:21 - __main__ - INFO: 获取状态：成功，当前位姿为[0.1681099893096598, 0.24926805883805617, 0.447833231482579, 0.5734245363086936, 0.22288243318205544, -0.2347844961869914]
2025-06-03 20:10:21 - __main__ - INFO: ===采集第8次数据！
2025-06-03 20:10:54 - __main__ - INFO: 获取状态：成功，当前位姿为[0.16690423405469895, 0.24855504440738385, 0.452765648875859, -0.1037359517120183, -0.6918522883828451, 0.9158510511338896]
2025-06-03 20:10:54 - __main__ - INFO: ===采集第9次数据！
2025-06-03 20:11:03 - __main__ - INFO: 获取状态：成功，当前位姿为[0.166897460842596, 0.24854739032745776, 0.4528407885313375, 0.9028140642335102, -0.692100839480031, 0.9158743897899891]
2025-06-03 20:11:03 - __main__ - INFO: ===采集第10次数据！
2025-06-03 20:11:31 - __main__ - INFO: 获取状态：成功，当前位姿为[0.14150065707639864, 0.21485225540491348, 0.4148571255198803, -0.33752554652283345, 0.49705611954262946, 0.4850326453437822]
2025-06-03 20:11:31 - __main__ - INFO: ===采集第11次数据！
2025-06-03 20:11:40 - __main__ - INFO: 获取状态：成功，当前位姿为[0.13814095369399237, 0.2123102650404659, 0.4172017344957226, 0.22482788465106854, 0.5438037933295101, 1.5315315346066414]
2025-06-03 20:11:40 - __main__ - INFO: ===采集第12次数据！
2025-06-03 20:11:51 - __main__ - INFO: 获取状态：成功，当前位姿为[0.13682723881279524, 0.11726593509966217, 0.47402977789162476, 0.9198222771198614, 0.5536391331126265, 1.5342411180037778]
2025-06-03 20:11:51 - __main__ - INFO: ===采集第13次数据！
2025-06-03 20:12:10 - __main__ - INFO: 获取状态：成功，当前位姿为[0.05330901190438607, 0.08980084055673321, 0.42300422994218956, -0.1064221816792387, 1.034906655912241, 0.22420587223099084]
2025-06-03 20:12:10 - __main__ - INFO: ===采集第14次数据！
2025-06-03 20:12:45 - __main__ - INFO: 获取状态：成功，当前位姿为[0.1150310176564808, 0.15165020640294935, 0.4506925437879816, -0.05361423097888839, -0.3752794051273949, 0.32913964598365864]
2025-06-03 20:12:45 - __main__ - INFO: ===采集第15次数据！
2025-06-03 20:12:47 - __main__ - INFO: 获取状态：成功，当前位姿为[0.11503203474330068, 0.15165455807349718, 0.4506903060073259, -0.05362304844978541, -0.37527075610226285, 0.3291488383023402]
2025-06-03 20:12:47 - __main__ - INFO: ===采集第16次数据！
2025-06-03 20:13:16 - __main__ - INFO: 读 eye_hand_data/data2025060305/1.jpg
2025-06-03 20:13:16 - __main__ - INFO: 读 eye_hand_data/data2025060305/2.jpg
2025-06-03 20:13:16 - __main__ - INFO: 读 eye_hand_data/data2025060305/3.jpg
2025-06-03 20:13:16 - __main__ - INFO: 读 eye_hand_data/data2025060305/4.jpg
2025-06-03 20:13:16 - __main__ - INFO: 读 eye_hand_data/data2025060305/5.jpg
2025-06-03 20:13:16 - __main__ - INFO: 读 eye_hand_data/data2025060305/6.jpg
2025-06-03 20:13:16 - __main__ - INFO: 读 eye_hand_data/data2025060305/7.jpg
2025-06-03 20:13:16 - __main__ - INFO: 读 eye_hand_data/data2025060305/8.jpg
2025-06-03 20:13:16 - __main__ - INFO: 读 eye_hand_data/data2025060305/9.jpg
2025-06-03 20:13:16 - __main__ - INFO: 读 eye_hand_data/data2025060305/10.jpg
2025-06-03 20:13:16 - __main__ - INFO: 读 eye_hand_data/data2025060305/11.jpg
2025-06-03 20:13:16 - __main__ - INFO: 读 eye_hand_data/data2025060305/12.jpg
2025-06-03 20:13:16 - __main__ - INFO: 读 eye_hand_data/data2025060305/13.jpg
2025-06-03 20:13:16 - __main__ - INFO: 读 eye_hand_data/data2025060305/14.jpg
2025-06-03 20:13:16 - __main__ - INFO: 读 eye_hand_data/data2025060305/15.jpg
2025-06-03 20:13:16 - __main__ - INFO: 读 eye_hand_data/data2025060305/16.jpg
2025-06-03 20:13:16 - __main__ - INFO: 旋转矩阵是:
 [[ 0.41667587 -0.77814482  0.46997007]
 [-0.23989055  0.40453959  0.8824966 ]
 [-0.87683165 -0.48045641 -0.01810771]]
2025-06-03 20:13:16 - __main__ - INFO: 平移向量是:
 [[0.16139491]
 [0.0823825 ]
 [0.57871455]]
2025-06-03 20:13:16 - __main__ - INFO: 四元数是：
 [-0.50750468  0.50149064  0.20042258  0.67139924]
