2025-05-27 21:02:17 - libs.auxiliary - INFO: create folder eye_hand_data/data20250527
2025-05-27 21:02:17 - libs.auxiliary - INFO: command:['ping', '-c', '1', '192.168.1.18']
2025-05-27 21:02:27 - libs.auxiliary - INFO: command:['ping', '-c', '1', '192.168.10.18']
2025-05-27 21:02:37 - __main__ - INFO: robot_ip:False
2025-05-27 21:30:45 - libs.auxiliary - INFO: create folder eye_hand_data/data2025052701
2025-05-27 21:30:45 - __main__ - INFO: 初始化 ROS 节点成功
2025-05-27 21:30:46 - __main__ - INFO: 开始手眼标定程序，当前程序版号 V1.0.0
2025-05-27 21:33:51 - __main__ - INFO: 获取状态：成功，当前位姿为[0.2560431686932259, 0.12593664665824045, 0.23096198830879874, 0.06095404491178897, -0.011519581604280908, 0.04499838358385935]
2025-05-27 21:33:51 - __main__ - INFO: ===采集第1次数据！
2025-05-27 21:33:53 - __main__ - INFO: 获取状态：成功，当前位姿为[0.2560456341658174, 0.12593782165937994, 0.23096339638510105, 0.06095829587373543, -0.01152731182981403, 0.0449924044449743]
2025-05-27 21:33:53 - __main__ - INFO: ===采集第2次数据！
2025-05-27 21:33:59 - __main__ - INFO: 获取状态：成功，当前位姿为[0.25604350584926344, 0.12593625259133348, 0.23096247442949888, 0.06095836355283311, -0.011527275388281098, 0.044986533110478295]
2025-05-27 21:33:59 - __main__ - INFO: ===采集第3次数据！
2025-05-27 21:34:00 - __main__ - INFO: 获取状态：成功，当前位姿为[0.2560435208691321, 0.12593626157319127, 0.23096113717809344, 0.06095276779579586, -0.011516884418785775, 0.04498659758381132]
2025-05-27 21:34:00 - __main__ - INFO: ===采集第4次数据！
2025-05-27 21:34:00 - __main__ - INFO: 获取状态：成功，当前位姿为[0.25604350584926344, 0.12593625259133348, 0.23096247442949888, 0.060940672149205725, -0.011527275388281001, 0.044986533110478295]
2025-05-27 21:34:00 - __main__ - INFO: ===采集第5次数据！
2025-05-27 21:34:01 - __main__ - INFO: 获取状态：成功，当前位姿为[0.25604350584926344, 0.12593625259133348, 0.23096247442949888, 0.06095836355283311, -0.011527275388281098, 0.044986533110478295]
2025-05-27 21:34:01 - __main__ - INFO: ===采集第6次数据！
2025-05-27 21:36:24 - __main__ - INFO: 获取状态：成功，当前位姿为[0.22235241510625467, 0.10578743343834159, 0.3754946739456068, -0.8708616125869123, -0.0173536579654847, 0.04567891487870106]
2025-05-27 21:36:24 - __main__ - INFO: ===采集第7次数据！
2025-05-27 21:36:50 - __main__ - INFO: 获取状态：成功，当前位姿为[0.17777862759965846, 0.13056393381218087, 0.4282631460148558, 0.6213235414018659, -0.015947105161363707, 0.050052557534446124]
2025-05-27 21:36:50 - __main__ - INFO: ===采集第8次数据！
2025-05-27 21:37:15 - __main__ - INFO: 获取状态：成功，当前位姿为[0.16392965354210526, 0.2522508554681172, 0.38292368650380454, 0.6244918567685338, -0.0367646674046815, 0.04892271359880795]
2025-05-27 21:37:15 - __main__ - INFO: ===采集第9次数据！
2025-05-27 21:37:33 - __main__ - INFO: 获取状态：成功，当前位姿为[0.17313799598168933, 0.32014082722062365, 0.3371832268089706, -0.17128158973430835, -0.04117346388573224, 0.05058861631661819]
2025-05-27 21:37:33 - __main__ - INFO: ===采集第10次数据！
2025-05-27 21:37:52 - __main__ - INFO: 获取状态：成功，当前位姿为[0.10378725790999495, 0.3102728370270208, 0.443540812141325, 0.34374134188400474, 0.023697238782434873, 0.41585481551595804]
2025-05-27 21:37:52 - __main__ - INFO: ===采集第11次数据！
2025-05-27 21:38:03 - __main__ - INFO: 获取状态：成功，当前位姿为[0.20999253676833385, 0.2588887341168697, 0.32044850787570334, -0.7113844542346001, 0.004925153809845835, 0.4124799337187818]
2025-05-27 21:38:03 - __main__ - INFO: ===采集第12次数据！
2025-05-27 21:38:26 - __main__ - INFO: 获取状态：成功，当前位姿为[0.10198156212283258, 0.3029029588435699, 0.21952523265181667, 0.41332788955052085, -0.006795638331784228, 0.41816592078316445]
2025-05-27 21:38:26 - __main__ - INFO: ===采集第13次数据！
2025-05-27 21:38:52 - __main__ - INFO: 获取状态：成功，当前位姿为[0.056033438946362785, 0.21236386274294317, 0.4042320890845772, -0.19904773167800588, -0.004729991376617036, 0.42233644705230705]
2025-05-27 21:38:52 - __main__ - INFO: ===采集第14次数据！
2025-05-27 21:39:01 - __main__ - INFO: 获取状态：成功，当前位姿为[0.12533406882514947, 0.16532247301454378, 0.3862654752054696, 0.6512703020654792, -0.005031246119766327, 0.41981739372423715]
2025-05-27 21:39:01 - __main__ - INFO: ===采集第15次数据！
2025-05-27 21:39:13 - __main__ - INFO: 获取状态：成功，当前位姿为[0.08021604249429218, 0.26571547527303463, 0.39248761486211214, 0.051067795889439334, -0.007732207240767034, 0.4214020714644693]
2025-05-27 21:39:13 - __main__ - INFO: ===采集第16次数据！
2025-05-27 21:39:37 - __main__ - INFO: 获取状态：成功，当前位姿为[0.1376400505380615, 0.2916664983792533, 0.39716188162216814, 0.5541069314784831, -0.014932580084154719, 0.4222150525804625]
2025-05-27 21:39:37 - __main__ - INFO: ===采集第17次数据！
2025-05-27 21:39:45 - __main__ - INFO: 获取状态：成功，当前位姿为[0.20257690996944502, 0.22378738077497073, 0.41565445769791953, 0.5511226382353347, -0.021839058970341226, 0.41601025028047633]
2025-05-27 21:39:45 - __main__ - INFO: ===采集第18次数据！
2025-05-27 21:40:09 - __main__ - INFO: 获取状态：成功，当前位姿为[0.1199669782515328, 0.40812073905013807, 0.3318645153454322, 0.5737429396761549, -0.034714867803335325, 0.4139759456115397]
2025-05-27 21:40:09 - __main__ - INFO: ===采集第19次数据！
2025-05-27 21:40:26 - __main__ - INFO: 获取状态：成功，当前位姿为[0.1392614338755908, 0.3433237621426982, 0.4362015751725464, 0.48280814656549176, -0.2568633651372644, -0.4872724364574157]
2025-05-27 21:40:26 - __main__ - INFO: ===采集第20次数据！
2025-05-27 21:42:11 - __main__ - INFO: 读 eye_hand_data/data2025052701/1.jpg
2025-05-27 21:42:11 - __main__ - INFO: 读 eye_hand_data/data2025052701/2.jpg
2025-05-27 21:42:11 - __main__ - INFO: 读 eye_hand_data/data2025052701/3.jpg
2025-05-27 21:42:11 - __main__ - INFO: 读 eye_hand_data/data2025052701/4.jpg
2025-05-27 21:42:11 - __main__ - INFO: 读 eye_hand_data/data2025052701/5.jpg
2025-05-27 21:42:11 - __main__ - INFO: 读 eye_hand_data/data2025052701/6.jpg
2025-05-27 21:42:11 - __main__ - INFO: 读 eye_hand_data/data2025052701/7.jpg
2025-05-27 21:42:11 - __main__ - INFO: 读 eye_hand_data/data2025052701/8.jpg
2025-05-27 21:42:11 - __main__ - INFO: 读 eye_hand_data/data2025052701/9.jpg
2025-05-27 21:42:11 - __main__ - INFO: 读 eye_hand_data/data2025052701/10.jpg
2025-05-27 21:42:11 - __main__ - INFO: 读 eye_hand_data/data2025052701/11.jpg
2025-05-27 21:42:11 - __main__ - INFO: 读 eye_hand_data/data2025052701/12.jpg
2025-05-27 21:42:11 - __main__ - INFO: 读 eye_hand_data/data2025052701/13.jpg
2025-05-27 21:42:11 - __main__ - INFO: 读 eye_hand_data/data2025052701/14.jpg
2025-05-27 21:42:11 - __main__ - INFO: 读 eye_hand_data/data2025052701/15.jpg
2025-05-27 21:42:11 - __main__ - INFO: 读 eye_hand_data/data2025052701/16.jpg
2025-05-27 21:42:11 - __main__ - INFO: 读 eye_hand_data/data2025052701/17.jpg
2025-05-27 21:42:11 - __main__ - INFO: 读 eye_hand_data/data2025052701/18.jpg
2025-05-27 21:42:11 - __main__ - INFO: 读 eye_hand_data/data2025052701/19.jpg
2025-05-27 21:42:11 - __main__ - INFO: 读 eye_hand_data/data2025052701/20.jpg
2025-05-27 21:42:12 - __main__ - INFO: 旋转矩阵是:
 [[ 0.0128049  -0.99988993 -0.00749461]
 [-0.9666594  -0.01046162 -0.25585181]
 [ 0.25574524  0.0105209  -0.96668696]]
2025-05-27 21:42:12 - __main__ - INFO: 平移向量是:
 [[0.23935635]
 [0.28994305]
 [0.69158011]]
2025-05-27 21:42:12 - __main__ - INFO: 四元数是：
 [ 0.70532856 -0.69703308  0.08799113  0.09441441]
